<?xml version="1.0" encoding="UTF-8"?>
<coverage generated="1782970438169" clover="3.2.0">
  <project timestamp="1782970438169" name="All files">
    <metrics statements="164" coveredstatements="148" conditionals="56" coveredconditionals="49" methods="55" coveredmethods="51" elements="275" coveredelements="248" complexity="0" loc="164" ncloc="164" packages="8" files="14" classes="14"/>
    <package name="components.common">
      <metrics statements="39" coveredstatements="39" conditionals="19" coveredconditionals="18" methods="17" coveredmethods="17"/>
      <file name="FormInput.jsx" path="C:\Users\Nischay_S_Achar\OneDrive\Desktop\Project\e-grcp\src\components\common\FormInput.jsx">
        <metrics statements="2" coveredstatements="2" conditionals="1" coveredconditionals="1" methods="1" coveredmethods="1"/>
        <line num="3" count="2" type="stmt"/>
        <line num="11" count="23" type="stmt"/>
      </file>
      <file name="GlobalSearch.jsx" path="C:\Users\Nischay_S_Achar\OneDrive\Desktop\Project\e-grcp\src\components\common\GlobalSearch.jsx">
        <metrics statements="16" coveredstatements="16" conditionals="6" coveredconditionals="6" methods="7" coveredmethods="7"/>
        <line num="16" count="1" type="stmt"/>
        <line num="28" count="1" type="stmt"/>
        <line num="29" count="12" type="stmt"/>
        <line num="31" count="12" type="stmt"/>
        <line num="33" count="12" type="stmt"/>
        <line num="34" count="12" type="cond" truecount="2" falsecount="0"/>
        <line num="36" count="5" type="stmt"/>
        <line num="38" count="5" type="stmt"/>
        <line num="39" count="45" type="stmt"/>
        <line num="43" count="12" type="stmt"/>
        <line num="44" count="1" type="stmt"/>
        <line num="45" count="1" type="stmt"/>
        <line num="48" count="12" type="stmt"/>
        <line num="60" count="5" type="stmt"/>
        <line num="106" count="4" type="stmt"/>
        <line num="108" count="1" type="stmt"/>
      </file>
      <file name="Loader.jsx" path="C:\Users\Nischay_S_Achar\OneDrive\Desktop\Project\e-grcp\src\components\common\Loader.jsx">
        <metrics statements="2" coveredstatements="2" conditionals="0" coveredconditionals="0" methods="1" coveredmethods="1"/>
        <line num="6" count="2" type="stmt"/>
        <line num="7" count="4" type="stmt"/>
      </file>
      <file name="PasswordInput.jsx" path="C:\Users\Nischay_S_Achar\OneDrive\Desktop\Project\e-grcp\src\components\common\PasswordInput.jsx">
        <metrics statements="4" coveredstatements="4" conditionals="4" coveredconditionals="4" methods="2" coveredmethods="2"/>
        <line num="14" count="2" type="stmt"/>
        <line num="21" count="24" type="stmt"/>
        <line num="23" count="24" type="stmt"/>
        <line num="37" count="2" type="stmt"/>
      </file>
      <file name="Sidebar.jsx" path="C:\Users\Nischay_S_Achar\OneDrive\Desktop\Project\e-grcp\src\components\common\Sidebar.jsx">
        <metrics statements="15" coveredstatements="15" conditionals="8" coveredconditionals="7" methods="6" coveredmethods="6"/>
        <line num="9" count="1" type="stmt"/>
        <line num="10" count="6" type="stmt"/>
        <line num="11" count="6" type="stmt"/>
        <line num="13" count="6" type="stmt"/>
        <line num="14" count="12" type="stmt"/>
        <line num="18" count="6" type="cond" truecount="1" falsecount="1"/>
        <line num="20" count="6" type="stmt"/>
        <line num="63" count="6" type="stmt"/>
        <line num="65" count="48" type="stmt"/>
        <line num="69" count="6" type="stmt"/>
        <line num="71" count="1" type="stmt"/>
        <line num="76" count="6" type="stmt"/>
        <line num="96" count="43" type="cond" truecount="2" falsecount="0"/>
        <line num="101" count="43" type="stmt"/>
        <line num="105" count="1" type="stmt"/>
      </file>
    </package>
    <package name="config">
      <metrics statements="1" coveredstatements="1" conditionals="0" coveredconditionals="0" methods="0" coveredmethods="0"/>
      <file name="rolePermissions.js" path="C:\Users\Nischay_S_Achar\OneDrive\Desktop\Project\e-grcp\src\config\rolePermissions.js">
        <metrics statements="1" coveredstatements="1" conditionals="0" coveredconditionals="0" methods="0" coveredmethods="0"/>
        <line num="1" count="2" type="stmt"/>
      </file>
    </package>
    <package name="features.auth.pages">
      <metrics statements="21" coveredstatements="15" conditionals="10" coveredconditionals="6" methods="6" coveredmethods="5"/>
      <file name="Login.jsx" path="C:\Users\Nischay_S_Achar\OneDrive\Desktop\Project\e-grcp\src\features\auth\pages\Login.jsx">
        <metrics statements="21" coveredstatements="15" conditionals="10" coveredconditionals="6" methods="6" coveredmethods="5"/>
        <line num="29" count="1" type="stmt"/>
        <line num="30" count="18" type="stmt"/>
        <line num="31" count="18" type="stmt"/>
        <line num="38" count="27" type="stmt"/>
        <line num="44" count="18" type="stmt"/>
        <line num="53" count="18" type="stmt"/>
        <line num="54" count="9" type="stmt"/>
        <line num="55" count="9" type="stmt"/>
        <line num="56" count="9" type="stmt"/>
        <line num="58" count="9" type="cond" truecount="2" falsecount="2"/>
        <line num="59" count="0" type="cond" truecount="0" falsecount="2"/>
        <line num="60" count="0" type="stmt"/>
        <line num="61" count="0" type="stmt"/>
        <line num="63" count="0" type="stmt"/>
        <line num="64" count="0" type="stmt"/>
        <line num="69" count="18" type="stmt"/>
        <line num="70" count="9" type="stmt"/>
        <line num="71" count="9" type="stmt"/>
        <line num="75" count="18" type="stmt"/>
        <line num="76" count="0" type="stmt"/>
        <line num="79" count="18" type="stmt"/>
      </file>
    </package>
    <package name="features.auth.redux">
      <metrics statements="51" coveredstatements="42" conditionals="4" coveredconditionals="4" methods="16" coveredmethods="13"/>
      <file name="authSlice.js" path="C:\Users\Nischay_S_Achar\OneDrive\Desktop\Project\e-grcp\src\features\auth\redux\authSlice.js">
        <metrics statements="51" coveredstatements="42" conditionals="4" coveredconditionals="4" methods="16" coveredmethods="13"/>
        <line num="5" count="2" type="stmt"/>
        <line num="6" count="2" type="stmt"/>
        <line num="8" count="2" type="stmt"/>
        <line num="17" count="2" type="stmt"/>
        <line num="20" count="0" type="stmt"/>
        <line num="21" count="0" type="stmt"/>
        <line num="23" count="0" type="stmt"/>
        <line num="28" count="2" type="stmt"/>
        <line num="31" count="0" type="stmt"/>
        <line num="32" count="0" type="stmt"/>
        <line num="34" count="0" type="stmt"/>
        <line num="39" count="2" type="stmt"/>
        <line num="42" count="0" type="stmt"/>
        <line num="43" count="0" type="stmt"/>
        <line num="45" count="0" type="stmt"/>
        <line num="50" count="2" type="stmt"/>
        <line num="57" count="1" type="stmt"/>
        <line num="58" count="1" type="stmt"/>
        <line num="59" count="1" type="stmt"/>
        <line num="60" count="1" type="stmt"/>
        <line num="61" count="1" type="stmt"/>
        <line num="63" count="1" type="stmt"/>
        <line num="64" count="1" type="stmt"/>
        <line num="68" count="1" type="stmt"/>
        <line num="72" count="1" type="stmt"/>
        <line num="77" count="1" type="stmt"/>
        <line num="80" count="1" type="stmt"/>
        <line num="81" count="1" type="stmt"/>
        <line num="85" count="1" type="stmt"/>
        <line num="87" count="1" type="stmt"/>
        <line num="88" count="1" type="stmt"/>
        <line num="89" count="1" type="stmt"/>
        <line num="91" count="1" type="stmt"/>
        <line num="96" count="1" type="stmt"/>
        <line num="103" count="1" type="stmt"/>
        <line num="104" count="1" type="stmt"/>
        <line num="108" count="1" type="stmt"/>
        <line num="109" count="1" type="stmt"/>
        <line num="110" count="1" type="stmt"/>
        <line num="114" count="1" type="stmt"/>
        <line num="115" count="1" type="stmt"/>
        <line num="119" count="1" type="stmt"/>
        <line num="120" count="1" type="stmt"/>
        <line num="124" count="1" type="stmt"/>
        <line num="125" count="1" type="stmt"/>
        <line num="126" count="1" type="stmt"/>
        <line num="130" count="1" type="stmt"/>
        <line num="131" count="1" type="stmt"/>
        <line num="135" count="1" type="stmt"/>
        <line num="136" count="1" type="stmt"/>
        <line num="145" count="2" type="stmt"/>
      </file>
    </package>
    <package name="features.auth.services">
      <metrics statements="20" coveredstatements="20" conditionals="7" coveredconditionals="7" methods="8" coveredmethods="8"/>
      <file name="authService.js" path="C:\Users\Nischay_S_Achar\OneDrive\Desktop\Project\e-grcp\src\features\auth\services\authService.js">
        <metrics statements="20" coveredstatements="20" conditionals="7" coveredconditionals="7" methods="8" coveredmethods="8"/>
        <line num="3" count="3" type="stmt"/>
        <line num="4" count="6" type="stmt"/>
        <line num="5" count="6" type="stmt"/>
        <line num="8" count="3" type="stmt"/>
        <line num="10" count="2" type="stmt"/>
        <line num="12" count="2" type="stmt"/>
        <line num="14" count="6" type="cond" truecount="3" falsecount="0"/>
        <line num="20" count="2" type="cond" truecount="2" falsecount="0"/>
        <line num="21" count="1" type="stmt"/>
        <line num="26" count="1" type="stmt"/>
        <line num="40" count="2" type="stmt"/>
        <line num="42" count="2" type="stmt"/>
        <line num="44" count="6" type="stmt"/>
        <line num="48" count="2" type="cond" truecount="2" falsecount="0"/>
        <line num="49" count="1" type="stmt"/>
        <line num="52" count="1" type="stmt"/>
        <line num="59" count="1" type="stmt"/>
        <line num="61" count="1" type="stmt"/>
        <line num="68" count="1" type="stmt"/>
        <line num="70" count="1" type="stmt"/>
      </file>
    </package>
    <package name="features.auth.validation">
      <metrics statements="1" coveredstatements="1" conditionals="0" coveredconditionals="0" methods="0" coveredmethods="0"/>
      <file name="loginSchema.js" path="C:\Users\Nischay_S_Achar\OneDrive\Desktop\Project\e-grcp\src\features\auth\validation\loginSchema.js">
        <metrics statements="1" coveredstatements="1" conditionals="0" coveredconditionals="0" methods="0" coveredmethods="0"/>
        <line num="3" count="1" type="stmt"/>
      </file>
    </package>
    <package name="features.dashboard.components">
      <metrics statements="2" coveredstatements="2" conditionals="0" coveredconditionals="0" methods="1" coveredmethods="1"/>
      <file name="KPICard.jsx" path="C:\Users\Nischay_S_Achar\OneDrive\Desktop\Project\e-grcp\src\features\dashboard\components\KPICard.jsx">
        <metrics statements="2" coveredstatements="2" conditionals="0" coveredconditionals="0" methods="1" coveredmethods="1"/>
        <line num="10" count="1" type="stmt"/>
        <line num="16" count="1" type="stmt"/>
      </file>
    </package>
    <package name="routes">
      <metrics statements="29" coveredstatements="28" conditionals="16" coveredconditionals="14" methods="7" coveredmethods="7"/>
      <file name="ProtectedRoute.jsx" path="C:\Users\Nischay_S_Achar\OneDrive\Desktop\Project\e-grcp\src\routes\ProtectedRoute.jsx">
        <metrics statements="6" coveredstatements="6" conditionals="4" coveredconditionals="4" methods="2" coveredmethods="2"/>
        <line num="4" count="1" type="stmt"/>
        <line num="5" count="6" type="stmt"/>
        <line num="7" count="3" type="stmt"/>
        <line num="9" count="3" type="cond" truecount="4" falsecount="0"/>
        <line num="10" count="1" type="stmt"/>
        <line num="13" count="2" type="stmt"/>
      </file>
      <file name="PublicRoute.jsx" path="C:\Users\Nischay_S_Achar\OneDrive\Desktop\Project\e-grcp\src\routes\PublicRoute.jsx">
        <metrics statements="8" coveredstatements="7" conditionals="4" coveredconditionals="3" methods="2" coveredmethods="2"/>
        <line num="4" count="1" type="stmt"/>
        <line num="5" count="2" type="stmt"/>
        <line num="6" count="4" type="stmt"/>
        <line num="9" count="2" type="cond" truecount="2" falsecount="0"/>
        <line num="10" count="1" type="stmt"/>
        <line num="13" count="1" type="cond" truecount="1" falsecount="1"/>
        <line num="15" count="0" type="stmt"/>
        <line num="18" count="1" type="stmt"/>
      </file>
      <file name="RoleBasedRoute.jsx" path="C:\Users\Nischay_S_Achar\OneDrive\Desktop\Project\e-grcp\src\routes\RoleBasedRoute.jsx">
        <metrics statements="15" coveredstatements="15" conditionals="8" coveredconditionals="7" methods="3" coveredmethods="3"/>
        <line num="6" count="1" type="stmt"/>
        <line num="18" count="1" type="stmt"/>
        <line num="19" count="6" type="stmt"/>
        <line num="21" count="6" type="stmt"/>
        <line num="22" count="12" type="stmt"/>
        <line num="25" count="6" type="cond" truecount="2" falsecount="0"/>
        <line num="26" count="1" type="stmt"/>
        <line num="30" count="5" type="cond" truecount="1" falsecount="1"/>
        <line num="32" count="5" type="stmt"/>
        <line num="35" count="25" type="stmt"/>
        <line num="38" count="5" type="cond" truecount="2" falsecount="0"/>
        <line num="40" count="4" type="stmt"/>
        <line num="42" count="4" type="cond" truecount="2" falsecount="0"/>
        <line num="47" count="1" type="stmt"/>
        <line num="56" count="4" type="stmt"/>
      </file>
    </package>
  </project>
</coverage>
