{"C:\\Users\\Nischay_S_Achar\\OneDrive\\Desktop\\Project\\e-grcp\\src\\components\\common\\FormInput.jsx": {"path":"C:\\Users\\Nischay_S_Achar\\OneDrive\\Desktop\\Project\\e-grcp\\src\\components\\common\\FormInput.jsx","statementMap":{"0":{"start":{"line":3,"column":18},"end":{"line":22,"column":1}},"1":{"start":{"line":11,"column":2},"end":{"line":21,"column":4}}},"fnMap":{"0":{"name":"(anonymous_0)","decl":{"start":{"line":3,"column":18},"end":{"line":3,"column":19}},"loc":{"start":{"line":10,"column":6},"end":{"line":22,"column":1}},"line":10}},"branchMap":{"0":{"loc":{"start":{"line":5,"column":2},"end":{"line":5,"column":15}},"type":"default-arg","locations":[{"start":{"line":5,"column":9},"end":{"line":5,"column":15}}],"line":5}},"s":{"0":2,"1":23},"f":{"0":23},"b":{"0":[4]},"_coverageSchema":"1a1c01bbd47fc00a2c39e90264f33305004495a9","hash":"d6bbdd442dd1e35df4a497719911922fbdc5ea7b"}
,"C:\\Users\\Nischay_S_Achar\\OneDrive\\Desktop\\Project\\e-grcp\\src\\components\\common\\GlobalSearch.jsx": {"path":"C:\\Users\\Nischay_S_Achar\\OneDrive\\Desktop\\Project\\e-grcp\\src\\components\\common\\GlobalSearch.jsx","statementMap":{"0":{"start":{"line":16,"column":16},"end":{"line":26,"column":1}},"1":{"start":{"line":28,"column":21},"end":{"line":123,"column":1}},"2":{"start":{"line":29,"column":19},"end":{"line":29,"column":32}},"3":{"start":{"line":31,"column":30},"end":{"line":31,"column":42}},"4":{"start":{"line":33,"column":18},"end":{"line":41,"column":14}},"5":{"start":{"line":34,"column":4},"end":{"line":34,"column":34}},"6":{"start":{"line":34,"column":24},"end":{"line":34,"column":34}},"7":{"start":{"line":36,"column":20},"end":{"line":36,"column":47}},"8":{"start":{"line":38,"column":4},"end":{"line":40,"column":6}},"9":{"start":{"line":39,"column":6},"end":{"line":39,"column":50}},"10":{"start":{"line":43,"column":23},"end":{"line":46,"column":3}},"11":{"start":{"line":44,"column":4},"end":{"line":44,"column":24}},"12":{"start":{"line":45,"column":4},"end":{"line":45,"column":18}},"13":{"start":{"line":48,"column":2},"end":{"line":122,"column":4}},"14":{"start":{"line":60,"column":25},"end":{"line":60,"column":50}},"15":{"start":{"line":106,"column":16},"end":{"line":111,"column":33}},"16":{"start":{"line":108,"column":33},"end":{"line":108,"column":51}}},"fnMap":{"0":{"name":"(anonymous_0)","decl":{"start":{"line":28,"column":21},"end":{"line":28,"column":22}},"loc":{"start":{"line":28,"column":27},"end":{"line":123,"column":1}},"line":28},"1":{"name":"(anonymous_1)","decl":{"start":{"line":33,"column":26},"end":{"line":33,"column":27}},"loc":{"start":{"line":33,"column":32},"end":{"line":41,"column":3}},"line":33},"2":{"name":"(anonymous_2)","decl":{"start":{"line":38,"column":26},"end":{"line":38,"column":27}},"loc":{"start":{"line":39,"column":6},"end":{"line":39,"column":50}},"line":39},"3":{"name":"(anonymous_3)","decl":{"start":{"line":43,"column":23},"end":{"line":43,"column":24}},"loc":{"start":{"line":43,"column":33},"end":{"line":46,"column":3}},"line":43},"4":{"name":"(anonymous_4)","decl":{"start":{"line":60,"column":18},"end":{"line":60,"column":19}},"loc":{"start":{"line":60,"column":25},"end":{"line":60,"column":50}},"line":60},"5":{"name":"(anonymous_5)","decl":{"start":{"line":105,"column":26},"end":{"line":105,"column":27}},"loc":{"start":{"line":106,"column":16},"end":{"line":111,"column":33}},"line":106},"6":{"name":"(anonymous_6)","decl":{"start":{"line":108,"column":27},"end":{"line":108,"column":28}},"loc":{"start":{"line":108,"column":33},"end":{"line":108,"column":51}},"line":108}},"branchMap":{"0":{"loc":{"start":{"line":34,"column":4},"end":{"line":34,"column":34}},"type":"if","locations":[{"start":{"line":34,"column":4},"end":{"line":34,"column":34}},{"start":{},"end":{}}],"line":34},"1":{"loc":{"start":{"line":70,"column":7},"end":{"line":120,"column":7}},"type":"binary-expr","locations":[{"start":{"line":70,"column":7},"end":{"line":70,"column":20}},{"start":{"line":71,"column":8},"end":{"line":119,"column":16}}],"line":70},"2":{"loc":{"start":{"line":104,"column":13},"end":{"line":117,"column":13}},"type":"cond-expr","locations":[{"start":{"line":105,"column":14},"end":{"line":112,"column":16}},{"start":{"line":114,"column":14},"end":{"line":116,"column":31}}],"line":104}},"s":{"0":1,"1":1,"2":12,"3":12,"4":12,"5":12,"6":7,"7":5,"8":5,"9":45,"10":12,"11":1,"12":1,"13":12,"14":5,"15":4,"16":1},"f":{"0":12,"1":12,"2":45,"3":1,"4":5,"5":4,"6":1},"b":{"0":[7,5],"1":[12,5],"2":[4,1]},"_coverageSchema":"1a1c01bbd47fc00a2c39e90264f33305004495a9","hash":"9a6aab9ebee23e778eb9c7389e7c539683000665"}
,"C:\\Users\\Nischay_S_Achar\\OneDrive\\Desktop\\Project\\e-grcp\\src\\components\\common\\Loader.jsx": {"path":"C:\\Users\\Nischay_S_Achar\\OneDrive\\Desktop\\Project\\e-grcp\\src\\components\\common\\Loader.jsx","statementMap":{"0":{"start":{"line":6,"column":15},"end":{"line":17,"column":1}},"1":{"start":{"line":7,"column":2},"end":{"line":16,"column":4}}},"fnMap":{"0":{"name":"(anonymous_0)","decl":{"start":{"line":6,"column":15},"end":{"line":6,"column":16}},"loc":{"start":{"line":6,"column":21},"end":{"line":17,"column":1}},"line":6}},"branchMap":{},"s":{"0":2,"1":4},"f":{"0":4},"b":{},"_coverageSchema":"1a1c01bbd47fc00a2c39e90264f33305004495a9","hash":"d8f62e5836d06dac818dbc420d67f82607271197"}
,"C:\\Users\\Nischay_S_Achar\\OneDrive\\Desktop\\Project\\e-grcp\\src\\components\\common\\PasswordInput.jsx": {"path":"C:\\Users\\Nischay_S_Achar\\OneDrive\\Desktop\\Project\\e-grcp\\src\\components\\common\\PasswordInput.jsx","statementMap":{"0":{"start":{"line":14,"column":22},"end":{"line":51,"column":1}},"1":{"start":{"line":21,"column":4},"end":{"line":21,"column":19}},"2":{"start":{"line":23,"column":2},"end":{"line":50,"column":4}},"3":{"start":{"line":37,"column":16},"end":{"line":37,"column":46}}},"fnMap":{"0":{"name":"(anonymous_0)","decl":{"start":{"line":14,"column":22},"end":{"line":14,"column":23}},"loc":{"start":{"line":19,"column":6},"end":{"line":51,"column":1}},"line":19},"1":{"name":"(anonymous_1)","decl":{"start":{"line":36,"column":23},"end":{"line":36,"column":24}},"loc":{"start":{"line":37,"column":16},"end":{"line":37,"column":46}},"line":37}},"branchMap":{"0":{"loc":{"start":{"line":27,"column":12},"end":{"line":27,"column":46}},"type":"cond-expr","locations":[{"start":{"line":27,"column":27},"end":{"line":27,"column":33}},{"start":{"line":27,"column":36},"end":{"line":27,"column":46}}],"line":27},"1":{"loc":{"start":{"line":40,"column":15},"end":{"line":44,"column":15}},"type":"cond-expr","locations":[{"start":{"line":41,"column":16},"end":{"line":41,"column":33}},{"start":{"line":43,"column":16},"end":{"line":43,"column":30}}],"line":40}},"s":{"0":2,"1":24,"2":24,"3":2},"f":{"0":24,"1":2},"b":{"0":[1,23],"1":[1,23]},"_coverageSchema":"1a1c01bbd47fc00a2c39e90264f33305004495a9","hash":"a2967be060f7a1dcbea4ce865ec5f30e2382ee73"}
,"C:\\Users\\Nischay_S_Achar\\OneDrive\\Desktop\\Project\\e-grcp\\src\\components\\common\\Sidebar.jsx": {"path":"C:\\Users\\Nischay_S_Achar\\OneDrive\\Desktop\\Project\\e-grcp\\src\\components\\common\\Sidebar.jsx","statementMap":{"0":{"start":{"line":9,"column":16},"end":{"line":130,"column":1}},"1":{"start":{"line":10,"column":19},"end":{"line":10,"column":32}},"2":{"start":{"line":11,"column":19},"end":{"line":11,"column":32}},"3":{"start":{"line":13,"column":19},"end":{"line":15,"column":3}},"4":{"start":{"line":14,"column":15},"end":{"line":14,"column":25}},"5":{"start":{"line":18,"column":4},"end":{"line":18,"column":44}},"6":{"start":{"line":20,"column":20},"end":{"line":61,"column":3}},"7":{"start":{"line":63,"column":23},"end":{"line":66,"column":3}},"8":{"start":{"line":65,"column":6},"end":{"line":65,"column":43}},"9":{"start":{"line":69,"column":27},"end":{"line":74,"column":3}},"10":{"start":{"line":71,"column":6},"end":{"line":71,"column":21}},"11":{"start":{"line":76,"column":2},"end":{"line":129,"column":4}},"12":{"start":{"line":96,"column":10},"end":{"line":99,"column":11}},"13":{"start":{"line":101,"column":8},"end":{"line":126,"column":10}},"14":{"start":{"line":105,"column":14},"end":{"line":105,"column":41}}},"fnMap":{"0":{"name":"(anonymous_0)","decl":{"start":{"line":9,"column":16},"end":{"line":9,"column":17}},"loc":{"start":{"line":9,"column":22},"end":{"line":130,"column":1}},"line":9},"1":{"name":"(anonymous_1)","decl":{"start":{"line":14,"column":4},"end":{"line":14,"column":5}},"loc":{"start":{"line":14,"column":15},"end":{"line":14,"column":25}},"line":14},"2":{"name":"(anonymous_2)","decl":{"start":{"line":64,"column":4},"end":{"line":64,"column":5}},"loc":{"start":{"line":65,"column":6},"end":{"line":65,"column":43}},"line":65},"3":{"name":"(anonymous_3)","decl":{"start":{"line":70,"column":4},"end":{"line":70,"column":5}},"loc":{"start":{"line":70,"column":14},"end":{"line":72,"column":5}},"line":70},"4":{"name":"(anonymous_4)","decl":{"start":{"line":94,"column":24},"end":{"line":94,"column":25}},"loc":{"start":{"line":94,"column":34},"end":{"line":127,"column":7}},"line":94},"5":{"name":"(anonymous_5)","decl":{"start":{"line":104,"column":21},"end":{"line":104,"column":22}},"loc":{"start":{"line":105,"column":14},"end":{"line":105,"column":41}},"line":105}},"branchMap":{"0":{"loc":{"start":{"line":18,"column":4},"end":{"line":18,"column":44}},"type":"binary-expr","locations":[{"start":{"line":18,"column":4},"end":{"line":18,"column":38}},{"start":{"line":18,"column":42},"end":{"line":18,"column":44}}],"line":18},"1":{"loc":{"start":{"line":96,"column":10},"end":{"line":99,"column":11}},"type":"binary-expr","locations":[{"start":{"line":96,"column":10},"end":{"line":96,"column":41}},{"start":{"line":97,"column":10},"end":{"line":99,"column":11}}],"line":96},"2":{"loc":{"start":{"line":112,"column":26},"end":{"line":114,"column":21}},"type":"cond-expr","locations":[{"start":{"line":113,"column":18},"end":{"line":113,"column":21}},{"start":{"line":114,"column":18},"end":{"line":114,"column":21}}],"line":112},"3":{"loc":{"start":{"line":115,"column":23},"end":{"line":117,"column":31}},"type":"cond-expr","locations":[{"start":{"line":116,"column":18},"end":{"line":116,"column":27}},{"start":{"line":117,"column":18},"end":{"line":117,"column":31}}],"line":115}},"s":{"0":1,"1":6,"2":6,"3":6,"4":12,"5":6,"6":6,"7":6,"8":48,"9":6,"10":1,"11":6,"12":43,"13":43,"14":1},"f":{"0":6,"1":12,"2":48,"3":1,"4":43,"5":1},"b":{"0":[6,0],"1":[43,38],"2":[5,38],"3":[5,38]},"_coverageSchema":"1a1c01bbd47fc00a2c39e90264f33305004495a9","hash":"570746720c5e90ff029c1ce67ca87da24d998420"}
,"C:\\Users\\Nischay_S_Achar\\OneDrive\\Desktop\\Project\\e-grcp\\src\\config\\rolePermissions.js": {"path":"C:\\Users\\Nischay_S_Achar\\OneDrive\\Desktop\\Project\\e-grcp\\src\\config\\rolePermissions.js","statementMap":{"0":{"start":{"line":1,"column":24},"end":{"line":72,"column":1}}},"fnMap":{},"branchMap":{},"s":{"0":2},"f":{},"b":{},"_coverageSchema":"1a1c01bbd47fc00a2c39e90264f33305004495a9","hash":"95def56c1aa2d53f8f5379ce886200cfb4aa2c76"}
,"C:\\Users\\Nischay_S_Achar\\OneDrive\\Desktop\\Project\\e-grcp\\src\\features\\auth\\pages\\Login.jsx": {"path":"C:\\Users\\Nischay_S_Achar\\OneDrive\\Desktop\\Project\\e-grcp\\src\\features\\auth\\pages\\Login.jsx","statementMap":{"0":{"start":{"line":29,"column":14},"end":{"line":200,"column":1}},"1":{"start":{"line":30,"column":19},"end":{"line":30,"column":32}},"2":{"start":{"line":31,"column":19},"end":{"line":31,"column":32}},"3":{"start":{"line":38,"column":6},"end":{"line":38,"column":40}},"4":{"start":{"line":38,"column":29},"end":{"line":38,"column":39}},"5":{"start":{"line":44,"column":6},"end":{"line":51,"column":4}},"6":{"start":{"line":53,"column":2},"end":{"line":67,"column":40}},"7":{"start":{"line":54,"column":4},"end":{"line":54,"column":51}},"8":{"start":{"line":55,"column":4},"end":{"line":55,"column":31}},"9":{"start":{"line":56,"column":4},"end":{"line":56,"column":37}},"10":{"start":{"line":58,"column":4},"end":{"line":66,"column":5}},"11":{"start":{"line":59,"column":6},"end":{"line":65,"column":7}},"12":{"start":{"line":60,"column":8},"end":{"line":60,"column":47}},"13":{"start":{"line":61,"column":8},"end":{"line":61,"column":46}},"14":{"start":{"line":63,"column":8},"end":{"line":63,"column":51}},"15":{"start":{"line":64,"column":8},"end":{"line":64,"column":50}},"16":{"start":{"line":69,"column":2},"end":{"line":73,"column":17}},"17":{"start":{"line":70,"column":4},"end":{"line":72,"column":6}},"18":{"start":{"line":71,"column":6},"end":{"line":71,"column":29}},"19":{"start":{"line":75,"column":19},"end":{"line":77,"column":3}},"20":{"start":{"line":76,"column":4},"end":{"line":76,"column":30}},"21":{"start":{"line":79,"column":2},"end":{"line":199,"column":4}}},"fnMap":{"0":{"name":"(anonymous_0)","decl":{"start":{"line":29,"column":14},"end":{"line":29,"column":15}},"loc":{"start":{"line":29,"column":20},"end":{"line":200,"column":1}},"line":29},"1":{"name":"(anonymous_1)","decl":{"start":{"line":38,"column":18},"end":{"line":38,"column":19}},"loc":{"start":{"line":38,"column":29},"end":{"line":38,"column":39}},"line":38},"2":{"name":"(anonymous_2)","decl":{"start":{"line":53,"column":12},"end":{"line":53,"column":13}},"loc":{"start":{"line":53,"column":18},"end":{"line":67,"column":3}},"line":53},"3":{"name":"(anonymous_3)","decl":{"start":{"line":69,"column":12},"end":{"line":69,"column":13}},"loc":{"start":{"line":69,"column":18},"end":{"line":73,"column":3}},"line":69},"4":{"name":"(anonymous_4)","decl":{"start":{"line":70,"column":11},"end":{"line":70,"column":12}},"loc":{"start":{"line":70,"column":17},"end":{"line":72,"column":5}},"line":70},"5":{"name":"(anonymous_5)","decl":{"start":{"line":75,"column":19},"end":{"line":75,"column":20}},"loc":{"start":{"line":75,"column":29},"end":{"line":77,"column":3}},"line":75}},"branchMap":{"0":{"loc":{"start":{"line":58,"column":4},"end":{"line":66,"column":5}},"type":"if","locations":[{"start":{"line":58,"column":4},"end":{"line":66,"column":5}},{"start":{},"end":{}}],"line":58},"1":{"loc":{"start":{"line":58,"column":8},"end":{"line":58,"column":31}},"type":"binary-expr","locations":[{"start":{"line":58,"column":8},"end":{"line":58,"column":23}},{"start":{"line":58,"column":27},"end":{"line":58,"column":31}}],"line":58},"2":{"loc":{"start":{"line":59,"column":6},"end":{"line":65,"column":7}},"type":"if","locations":[{"start":{"line":59,"column":6},"end":{"line":65,"column":7}},{"start":{"line":62,"column":13},"end":{"line":65,"column":7}}],"line":59},"3":{"loc":{"start":{"line":107,"column":11},"end":{"line":111,"column":11}},"type":"binary-expr","locations":[{"start":{"line":107,"column":11},"end":{"line":107,"column":16}},{"start":{"line":108,"column":12},"end":{"line":110,"column":20}}],"line":107},"4":{"loc":{"start":{"line":175,"column":17},"end":{"line":175,"column":49}},"type":"cond-expr","locations":[{"start":{"line":175,"column":27},"end":{"line":175,"column":37}},{"start":{"line":175,"column":40},"end":{"line":175,"column":49}}],"line":175}},"s":{"0":1,"1":18,"2":18,"3":18,"4":27,"5":18,"6":18,"7":9,"8":9,"9":9,"10":9,"11":0,"12":0,"13":0,"14":0,"15":0,"16":18,"17":9,"18":9,"19":18,"20":0,"21":18},"f":{"0":18,"1":27,"2":9,"3":9,"4":9,"5":0},"b":{"0":[0,9],"1":[9,0],"2":[0,0],"3":[18,2],"4":[2,16]},"_coverageSchema":"1a1c01bbd47fc00a2c39e90264f33305004495a9","hash":"2b69f72a6176634510e314b474d525a1e69ff4dd"}
,"C:\\Users\\Nischay_S_Achar\\OneDrive\\Desktop\\Project\\e-grcp\\src\\features\\auth\\redux\\authSlice.js": {"path":"C:\\Users\\Nischay_S_Achar\\OneDrive\\Desktop\\Project\\e-grcp\\src\\features\\auth\\redux\\authSlice.js","statementMap":{"0":{"start":{"line":5,"column":18},"end":{"line":5,"column":58}},"1":{"start":{"line":6,"column":19},"end":{"line":6,"column":48}},"2":{"start":{"line":8,"column":21},"end":{"line":15,"column":1}},"3":{"start":{"line":17,"column":25},"end":{"line":26,"column":1}},"4":{"start":{"line":20,"column":4},"end":{"line":24,"column":5}},"5":{"start":{"line":21,"column":6},"end":{"line":21,"column":50}},"6":{"start":{"line":23,"column":6},"end":{"line":23,"column":44}},"7":{"start":{"line":28,"column":30},"end":{"line":37,"column":1}},"8":{"start":{"line":31,"column":4},"end":{"line":35,"column":5}},"9":{"start":{"line":32,"column":6},"end":{"line":32,"column":53}},"10":{"start":{"line":34,"column":6},"end":{"line":34,"column":44}},"11":{"start":{"line":39,"column":29},"end":{"line":48,"column":1}},"12":{"start":{"line":42,"column":4},"end":{"line":46,"column":5}},"13":{"start":{"line":43,"column":6},"end":{"line":43,"column":51}},"14":{"start":{"line":45,"column":6},"end":{"line":45,"column":44}},"15":{"start":{"line":50,"column":18},"end":{"line":139,"column":2}},"16":{"start":{"line":57,"column":6},"end":{"line":57,"column":24}},"17":{"start":{"line":58,"column":6},"end":{"line":58,"column":25}},"18":{"start":{"line":59,"column":6},"end":{"line":59,"column":36}},"19":{"start":{"line":60,"column":6},"end":{"line":60,"column":25}},"20":{"start":{"line":61,"column":6},"end":{"line":61,"column":27}},"21":{"start":{"line":63,"column":6},"end":{"line":63,"column":38}},"22":{"start":{"line":64,"column":6},"end":{"line":64,"column":39}},"23":{"start":{"line":68,"column":6},"end":{"line":68,"column":25}},"24":{"start":{"line":72,"column":6},"end":{"line":72,"column":27}},"25":{"start":{"line":77,"column":4},"end":{"line":137,"column":9}},"26":{"start":{"line":80,"column":8},"end":{"line":80,"column":29}},"27":{"start":{"line":81,"column":8},"end":{"line":81,"column":27}},"28":{"start":{"line":85,"column":8},"end":{"line":85,"column":30}},"29":{"start":{"line":87,"column":8},"end":{"line":87,"column":41}},"30":{"start":{"line":88,"column":8},"end":{"line":88,"column":43}},"31":{"start":{"line":89,"column":8},"end":{"line":89,"column":37}},"32":{"start":{"line":91,"column":8},"end":{"line":94,"column":10}},"33":{"start":{"line":96,"column":8},"end":{"line":99,"column":10}},"34":{"start":{"line":103,"column":8},"end":{"line":103,"column":30}},"35":{"start":{"line":104,"column":8},"end":{"line":104,"column":37}},"36":{"start":{"line":108,"column":8},"end":{"line":108,"column":29}},"37":{"start":{"line":109,"column":8},"end":{"line":109,"column":27}},"38":{"start":{"line":110,"column":8},"end":{"line":110,"column":29}},"39":{"start":{"line":114,"column":8},"end":{"line":114,"column":30}},"40":{"start":{"line":115,"column":8},"end":{"line":115,"column":47}},"41":{"start":{"line":119,"column":8},"end":{"line":119,"column":30}},"42":{"start":{"line":120,"column":8},"end":{"line":120,"column":37}},"43":{"start":{"line":124,"column":8},"end":{"line":124,"column":29}},"44":{"start":{"line":125,"column":8},"end":{"line":125,"column":27}},"45":{"start":{"line":126,"column":8},"end":{"line":126,"column":29}},"46":{"start":{"line":130,"column":8},"end":{"line":130,"column":30}},"47":{"start":{"line":131,"column":8},"end":{"line":131,"column":47}},"48":{"start":{"line":135,"column":8},"end":{"line":135,"column":30}},"49":{"start":{"line":136,"column":8},"end":{"line":136,"column":37}},"50":{"start":{"line":145,"column":4},"end":{"line":145,"column":21}}},"fnMap":{"0":{"name":"(anonymous_0)","decl":{"start":{"line":19,"column":2},"end":{"line":19,"column":3}},"loc":{"start":{"line":19,"column":46},"end":{"line":25,"column":3}},"line":19},"1":{"name":"(anonymous_1)","decl":{"start":{"line":30,"column":2},"end":{"line":30,"column":3}},"loc":{"start":{"line":30,"column":40},"end":{"line":36,"column":3}},"line":30},"2":{"name":"(anonymous_2)","decl":{"start":{"line":41,"column":2},"end":{"line":41,"column":3}},"loc":{"start":{"line":41,"column":39},"end":{"line":47,"column":3}},"line":41},"3":{"name":"(anonymous_3)","decl":{"start":{"line":56,"column":4},"end":{"line":56,"column":5}},"loc":{"start":{"line":56,"column":18},"end":{"line":65,"column":5}},"line":56},"4":{"name":"(anonymous_4)","decl":{"start":{"line":67,"column":4},"end":{"line":67,"column":5}},"loc":{"start":{"line":67,"column":22},"end":{"line":69,"column":5}},"line":67},"5":{"name":"(anonymous_5)","decl":{"start":{"line":71,"column":4},"end":{"line":71,"column":5}},"loc":{"start":{"line":71,"column":24},"end":{"line":73,"column":5}},"line":71},"6":{"name":"(anonymous_6)","decl":{"start":{"line":76,"column":17},"end":{"line":76,"column":18}},"loc":{"start":{"line":76,"column":30},"end":{"line":138,"column":3}},"line":76},"7":{"name":"(anonymous_7)","decl":{"start":{"line":79,"column":34},"end":{"line":79,"column":35}},"loc":{"start":{"line":79,"column":45},"end":{"line":82,"column":7}},"line":79},"8":{"name":"(anonymous_8)","decl":{"start":{"line":84,"column":36},"end":{"line":84,"column":37}},"loc":{"start":{"line":84,"column":55},"end":{"line":100,"column":7}},"line":84},"9":{"name":"(anonymous_9)","decl":{"start":{"line":102,"column":35},"end":{"line":102,"column":36}},"loc":{"start":{"line":102,"column":54},"end":{"line":105,"column":7}},"line":102},"10":{"name":"(anonymous_10)","decl":{"start":{"line":107,"column":39},"end":{"line":107,"column":40}},"loc":{"start":{"line":107,"column":50},"end":{"line":111,"column":7}},"line":107},"11":{"name":"(anonymous_11)","decl":{"start":{"line":113,"column":41},"end":{"line":113,"column":42}},"loc":{"start":{"line":113,"column":60},"end":{"line":116,"column":7}},"line":113},"12":{"name":"(anonymous_12)","decl":{"start":{"line":118,"column":40},"end":{"line":118,"column":41}},"loc":{"start":{"line":118,"column":59},"end":{"line":121,"column":7}},"line":118},"13":{"name":"(anonymous_13)","decl":{"start":{"line":123,"column":38},"end":{"line":123,"column":39}},"loc":{"start":{"line":123,"column":49},"end":{"line":127,"column":7}},"line":123},"14":{"name":"(anonymous_14)","decl":{"start":{"line":129,"column":40},"end":{"line":129,"column":41}},"loc":{"start":{"line":129,"column":59},"end":{"line":132,"column":7}},"line":129},"15":{"name":"(anonymous_15)","decl":{"start":{"line":134,"column":39},"end":{"line":134,"column":40}},"loc":{"start":{"line":134,"column":58},"end":{"line":137,"column":7}},"line":134}},"branchMap":{"0":{"loc":{"start":{"line":9,"column":8},"end":{"line":9,"column":25}},"type":"binary-expr","locations":[{"start":{"line":9,"column":8},"end":{"line":9,"column":17}},{"start":{"line":9,"column":21},"end":{"line":9,"column":25}}],"line":9},"1":{"loc":{"start":{"line":10,"column":9},"end":{"line":10,"column":27}},"type":"binary-expr","locations":[{"start":{"line":10,"column":9},"end":{"line":10,"column":19}},{"start":{"line":10,"column":23},"end":{"line":10,"column":27}}],"line":10}},"s":{"0":2,"1":2,"2":2,"3":2,"4":0,"5":0,"6":0,"7":2,"8":0,"9":0,"10":0,"11":2,"12":0,"13":0,"14":0,"15":2,"16":1,"17":1,"18":1,"19":1,"20":1,"21":1,"22":1,"23":1,"24":1,"25":1,"26":1,"27":1,"28":1,"29":1,"30":1,"31":1,"32":1,"33":1,"34":1,"35":1,"36":1,"37":1,"38":1,"39":1,"40":1,"41":1,"42":1,"43":1,"44":1,"45":1,"46":1,"47":1,"48":1,"49":1,"50":2},"f":{"0":0,"1":0,"2":0,"3":1,"4":1,"5":1,"6":1,"7":1,"8":1,"9":1,"10":1,"11":1,"12":1,"13":1,"14":1,"15":1},"b":{"0":[2,2],"1":[2,2]},"_coverageSchema":"1a1c01bbd47fc00a2c39e90264f33305004495a9","hash":"31fea25c71475851b9de6fd0132c1aa90845f054"}
,"C:\\Users\\Nischay_S_Achar\\OneDrive\\Desktop\\Project\\e-grcp\\src\\features\\auth\\services\\authService.js": {"path":"C:\\Users\\Nischay_S_Achar\\OneDrive\\Desktop\\Project\\e-grcp\\src\\features\\auth\\services\\authService.js","statementMap":{"0":{"start":{"line":3,"column":14},"end":{"line":6,"column":3}},"1":{"start":{"line":4,"column":2},"end":{"line":6,"column":3}},"2":{"start":{"line":5,"column":4},"end":{"line":5,"column":27}},"3":{"start":{"line":8,"column":20},"end":{"line":72,"column":1}},"4":{"start":{"line":10,"column":4},"end":{"line":10,"column":22}},"5":{"start":{"line":12,"column":17},"end":{"line":18,"column":5}},"6":{"start":{"line":14,"column":8},"end":{"line":17,"column":29}},"7":{"start":{"line":20,"column":4},"end":{"line":24,"column":5}},"8":{"start":{"line":21,"column":6},"end":{"line":23,"column":8}},"9":{"start":{"line":26,"column":4},"end":{"line":36,"column":6}},"10":{"start":{"line":40,"column":4},"end":{"line":40,"column":22}},"11":{"start":{"line":42,"column":17},"end":{"line":46,"column":5}},"12":{"start":{"line":44,"column":8},"end":{"line":45,"column":27}},"13":{"start":{"line":48,"column":4},"end":{"line":50,"column":5}},"14":{"start":{"line":49,"column":6},"end":{"line":49,"column":41}},"15":{"start":{"line":52,"column":4},"end":{"line":55,"column":6}},"16":{"start":{"line":59,"column":4},"end":{"line":59,"column":22}},"17":{"start":{"line":61,"column":4},"end":{"line":64,"column":6}},"18":{"start":{"line":68,"column":4},"end":{"line":68,"column":21}},"19":{"start":{"line":70,"column":4},"end":{"line":70,"column":16}}},"fnMap":{"0":{"name":"(anonymous_0)","decl":{"start":{"line":3,"column":14},"end":{"line":3,"column":15}},"loc":{"start":{"line":4,"column":2},"end":{"line":6,"column":3}},"line":4},"1":{"name":"(anonymous_1)","decl":{"start":{"line":4,"column":14},"end":{"line":4,"column":15}},"loc":{"start":{"line":5,"column":4},"end":{"line":5,"column":27}},"line":5},"2":{"name":"(anonymous_2)","decl":{"start":{"line":9,"column":9},"end":{"line":9,"column":10}},"loc":{"start":{"line":9,"column":40},"end":{"line":37,"column":3}},"line":9},"3":{"name":"(anonymous_3)","decl":{"start":{"line":13,"column":6},"end":{"line":13,"column":7}},"loc":{"start":{"line":14,"column":8},"end":{"line":17,"column":29}},"line":14},"4":{"name":"(anonymous_4)","decl":{"start":{"line":39,"column":18},"end":{"line":39,"column":19}},"loc":{"start":{"line":39,"column":35},"end":{"line":56,"column":3}},"line":39},"5":{"name":"(anonymous_5)","decl":{"start":{"line":43,"column":6},"end":{"line":43,"column":7}},"loc":{"start":{"line":44,"column":8},"end":{"line":45,"column":27}},"line":44},"6":{"name":"(anonymous_6)","decl":{"start":{"line":58,"column":17},"end":{"line":58,"column":18}},"loc":{"start":{"line":58,"column":29},"end":{"line":65,"column":3}},"line":58},"7":{"name":"(anonymous_7)","decl":{"start":{"line":67,"column":10},"end":{"line":67,"column":11}},"loc":{"start":{"line":67,"column":22},"end":{"line":71,"column":3}},"line":67}},"branchMap":{"0":{"loc":{"start":{"line":14,"column":8},"end":{"line":17,"column":29}},"type":"binary-expr","locations":[{"start":{"line":14,"column":8},"end":{"line":15,"column":29}},{"start":{"line":16,"column":8},"end":{"line":16,"column":31}},{"start":{"line":17,"column":8},"end":{"line":17,"column":29}}],"line":14},"1":{"loc":{"start":{"line":20,"column":4},"end":{"line":24,"column":5}},"type":"if","locations":[{"start":{"line":20,"column":4},"end":{"line":24,"column":5}},{"start":{},"end":{}}],"line":20},"2":{"loc":{"start":{"line":48,"column":4},"end":{"line":50,"column":5}},"type":"if","locations":[{"start":{"line":48,"column":4},"end":{"line":50,"column":5}},{"start":{},"end":{}}],"line":48}},"s":{"0":3,"1":6,"2":6,"3":3,"4":2,"5":2,"6":6,"7":2,"8":1,"9":1,"10":2,"11":2,"12":6,"13":2,"14":1,"15":1,"16":1,"17":1,"18":1,"19":1},"f":{"0":6,"1":6,"2":2,"3":6,"4":2,"5":6,"6":1,"7":1},"b":{"0":[6,1,1],"1":[1,1],"2":[1,1]},"_coverageSchema":"1a1c01bbd47fc00a2c39e90264f33305004495a9","hash":"8e42aa5273c025825b269bd477b04131cfc75ed3"}
,"C:\\Users\\Nischay_S_Achar\\OneDrive\\Desktop\\Project\\e-grcp\\src\\features\\auth\\validation\\loginSchema.js": {"path":"C:\\Users\\Nischay_S_Achar\\OneDrive\\Desktop\\Project\\e-grcp\\src\\features\\auth\\validation\\loginSchema.js","statementMap":{"0":{"start":{"line":3,"column":20},"end":{"line":19,"column":2}}},"fnMap":{},"branchMap":{},"s":{"0":1},"f":{},"b":{},"_coverageSchema":"1a1c01bbd47fc00a2c39e90264f33305004495a9","hash":"87dbb63617bd6bb1245ddf60a040c5549a4c0ecd"}
,"C:\\Users\\Nischay_S_Achar\\OneDrive\\Desktop\\Project\\e-grcp\\src\\features\\dashboard\\components\\KPICard.jsx": {"path":"C:\\Users\\Nischay_S_Achar\\OneDrive\\Desktop\\Project\\e-grcp\\src\\features\\dashboard\\components\\KPICard.jsx","statementMap":{"0":{"start":{"line":10,"column":16},"end":{"line":54,"column":1}},"1":{"start":{"line":16,"column":2},"end":{"line":53,"column":4}}},"fnMap":{"0":{"name":"(anonymous_0)","decl":{"start":{"line":10,"column":16},"end":{"line":10,"column":17}},"loc":{"start":{"line":15,"column":6},"end":{"line":54,"column":1}},"line":15}},"branchMap":{},"s":{"0":1,"1":1},"f":{"0":1},"b":{},"_coverageSchema":"1a1c01bbd47fc00a2c39e90264f33305004495a9","hash":"fd258549e9c49cccb2113bca44b893d8c7404d89"}
,"C:\\Users\\Nischay_S_Achar\\OneDrive\\Desktop\\Project\\e-grcp\\src\\routes\\ProtectedRoute.jsx": {"path":"C:\\Users\\Nischay_S_Achar\\OneDrive\\Desktop\\Project\\e-grcp\\src\\routes\\ProtectedRoute.jsx","statementMap":{"0":{"start":{"line":4,"column":23},"end":{"line":14,"column":1}},"1":{"start":{"line":5,"column":30},"end":{"line":5,"column":64}},"2":{"start":{"line":5,"column":53},"end":{"line":5,"column":63}},"3":{"start":{"line":7,"column":21},"end":{"line":7,"column":49}},"4":{"start":{"line":9,"column":2},"end":{"line":11,"column":3}},"5":{"start":{"line":10,"column":4},"end":{"line":10,"column":44}},"6":{"start":{"line":13,"column":2},"end":{"line":13,"column":20}}},"fnMap":{"0":{"name":"(anonymous_0)","decl":{"start":{"line":4,"column":23},"end":{"line":4,"column":24}},"loc":{"start":{"line":4,"column":29},"end":{"line":14,"column":1}},"line":4},"1":{"name":"(anonymous_1)","decl":{"start":{"line":5,"column":42},"end":{"line":5,"column":43}},"loc":{"start":{"line":5,"column":53},"end":{"line":5,"column":63}},"line":5}},"branchMap":{"0":{"loc":{"start":{"line":9,"column":2},"end":{"line":11,"column":3}},"type":"if","locations":[{"start":{"line":9,"column":2},"end":{"line":11,"column":3}},{"start":{},"end":{}}],"line":9},"1":{"loc":{"start":{"line":9,"column":6},"end":{"line":9,"column":37}},"type":"binary-expr","locations":[{"start":{"line":9,"column":6},"end":{"line":9,"column":22}},{"start":{"line":9,"column":26},"end":{"line":9,"column":37}}],"line":9}},"s":{"0":1,"1":3,"2":6,"3":3,"4":3,"5":1,"6":2},"f":{"0":3,"1":6},"b":{"0":[1,2],"1":[3,2]},"_coverageSchema":"1a1c01bbd47fc00a2c39e90264f33305004495a9","hash":"ca4d6febd5c4a5bafee872269d360fddc3de7f77"}
,"C:\\Users\\Nischay_S_Achar\\OneDrive\\Desktop\\Project\\e-grcp\\src\\routes\\PublicRoute.jsx": {"path":"C:\\Users\\Nischay_S_Achar\\OneDrive\\Desktop\\Project\\e-grcp\\src\\routes\\PublicRoute.jsx","statementMap":{"0":{"start":{"line":4,"column":20},"end":{"line":20,"column":1}},"1":{"start":{"line":5,"column":36},"end":{"line":7,"column":3}},"2":{"start":{"line":6,"column":15},"end":{"line":6,"column":25}},"3":{"start":{"line":9,"column":2},"end":{"line":11,"column":3}},"4":{"start":{"line":10,"column":4},"end":{"line":10,"column":22}},"5":{"start":{"line":13,"column":2},"end":{"line":19,"column":3}},"6":{"start":{"line":15,"column":6},"end":{"line":15,"column":46}},"7":{"start":{"line":18,"column":6},"end":{"line":18,"column":50}}},"fnMap":{"0":{"name":"(anonymous_0)","decl":{"start":{"line":4,"column":20},"end":{"line":4,"column":21}},"loc":{"start":{"line":4,"column":26},"end":{"line":20,"column":1}},"line":4},"1":{"name":"(anonymous_1)","decl":{"start":{"line":6,"column":4},"end":{"line":6,"column":5}},"loc":{"start":{"line":6,"column":15},"end":{"line":6,"column":25}},"line":6}},"branchMap":{"0":{"loc":{"start":{"line":9,"column":2},"end":{"line":11,"column":3}},"type":"if","locations":[{"start":{"line":9,"column":2},"end":{"line":11,"column":3}},{"start":{},"end":{}}],"line":9},"1":{"loc":{"start":{"line":13,"column":2},"end":{"line":19,"column":3}},"type":"switch","locations":[{"start":{"line":14,"column":4},"end":{"line":15,"column":46}},{"start":{"line":17,"column":4},"end":{"line":18,"column":50}}],"line":13}},"s":{"0":1,"1":2,"2":4,"3":2,"4":1,"5":1,"6":0,"7":1},"f":{"0":2,"1":4},"b":{"0":[1,1],"1":[0,1]},"_coverageSchema":"1a1c01bbd47fc00a2c39e90264f33305004495a9","hash":"980f89263d7a00cdd9be84941c6708b645098658"}
,"C:\\Users\\Nischay_S_Achar\\OneDrive\\Desktop\\Project\\e-grcp\\src\\routes\\RoleBasedRoute.jsx": {"path":"C:\\Users\\Nischay_S_Achar\\OneDrive\\Desktop\\Project\\e-grcp\\src\\routes\\RoleBasedRoute.jsx","statementMap":{"0":{"start":{"line":6,"column":27},"end":{"line":16,"column":1}},"1":{"start":{"line":18,"column":23},"end":{"line":57,"column":1}},"2":{"start":{"line":19,"column":19},"end":{"line":19,"column":32}},"3":{"start":{"line":21,"column":19},"end":{"line":23,"column":3}},"4":{"start":{"line":22,"column":15},"end":{"line":22,"column":25}},"5":{"start":{"line":25,"column":2},"end":{"line":27,"column":3}},"6":{"start":{"line":26,"column":4},"end":{"line":26,"column":44}},"7":{"start":{"line":30,"column":4},"end":{"line":30,"column":44}},"8":{"start":{"line":32,"column":23},"end":{"line":36,"column":3}},"9":{"start":{"line":35,"column":4},"end":{"line":35,"column":39}},"10":{"start":{"line":38,"column":2},"end":{"line":54,"column":3}},"11":{"start":{"line":40,"column":6},"end":{"line":40,"column":38}},"12":{"start":{"line":42,"column":4},"end":{"line":53,"column":5}},"13":{"start":{"line":47,"column":6},"end":{"line":52,"column":8}},"14":{"start":{"line":56,"column":2},"end":{"line":56,"column":20}}},"fnMap":{"0":{"name":"(anonymous_0)","decl":{"start":{"line":18,"column":23},"end":{"line":18,"column":24}},"loc":{"start":{"line":18,"column":29},"end":{"line":57,"column":1}},"line":18},"1":{"name":"(anonymous_1)","decl":{"start":{"line":22,"column":4},"end":{"line":22,"column":5}},"loc":{"start":{"line":22,"column":15},"end":{"line":22,"column":25}},"line":22},"2":{"name":"(anonymous_2)","decl":{"start":{"line":34,"column":9},"end":{"line":34,"column":10}},"loc":{"start":{"line":35,"column":4},"end":{"line":35,"column":39}},"line":35}},"branchMap":{"0":{"loc":{"start":{"line":25,"column":2},"end":{"line":27,"column":3}},"type":"if","locations":[{"start":{"line":25,"column":2},"end":{"line":27,"column":3}},{"start":{},"end":{}}],"line":25},"1":{"loc":{"start":{"line":30,"column":4},"end":{"line":30,"column":44}},"type":"binary-expr","locations":[{"start":{"line":30,"column":4},"end":{"line":30,"column":38}},{"start":{"line":30,"column":42},"end":{"line":30,"column":44}}],"line":30},"2":{"loc":{"start":{"line":38,"column":2},"end":{"line":54,"column":3}},"type":"if","locations":[{"start":{"line":38,"column":2},"end":{"line":54,"column":3}},{"start":{},"end":{}}],"line":38},"3":{"loc":{"start":{"line":42,"column":4},"end":{"line":53,"column":5}},"type":"if","locations":[{"start":{"line":42,"column":4},"end":{"line":53,"column":5}},{"start":{},"end":{}}],"line":42}},"s":{"0":1,"1":1,"2":6,"3":6,"4":12,"5":6,"6":1,"7":5,"8":5,"9":25,"10":5,"11":4,"12":4,"13":1,"14":4},"f":{"0":6,"1":12,"2":25},"b":{"0":[1,5],"1":[5,0],"2":[4,1],"3":[1,3]},"_coverageSchema":"1a1c01bbd47fc00a2c39e90264f33305004495a9","hash":"aa350db1e6983a7f7a8bdaaa7ddc3ff22daa8f14"}
}
