TN:
SF:src\components\common\FormInput.jsx
FN:3,(anonymous_0)
FNF:1
FNH:1
FNDA:23,(anonymous_0)
DA:3,2
DA:11,23
LF:2
LH:2
BRDA:5,0,0,4
BRF:1
BRH:1
end_of_record
TN:
SF:src\components\common\GlobalSearch.jsx
FN:28,(anonymous_0)
FN:33,(anonymous_1)
FN:38,(anonymous_2)
FN:43,(anonymous_3)
FN:60,(anonymous_4)
FN:105,(anonymous_5)
FN:108,(anonymous_6)
FNF:7
FNH:7
FNDA:12,(anonymous_0)
FNDA:12,(anonymous_1)
FNDA:45,(anonymous_2)
FNDA:1,(anonymous_3)
FNDA:5,(anonymous_4)
FNDA:4,(anonymous_5)
FNDA:1,(anonymous_6)
DA:16,1
DA:28,1
DA:29,12
DA:31,12
DA:33,12
DA:34,12
DA:36,5
DA:38,5
DA:39,45
DA:43,12
DA:44,1
DA:45,1
DA:48,12
DA:60,5
DA:106,4
DA:108,1
LF:16
LH:16
BRDA:34,0,0,7
BRDA:34,0,1,5
BRDA:70,1,0,12
BRDA:70,1,1,5
BRDA:104,2,0,4
BRDA:104,2,1,1
BRF:6
BRH:6
end_of_record
TN:
SF:src\components\common\Loader.jsx
FN:6,(anonymous_0)
FNF:1
FNH:1
FNDA:4,(anonymous_0)
DA:6,2
DA:7,4
LF:2
LH:2
BRF:0
BRH:0
end_of_record
TN:
SF:src\components\common\PasswordInput.jsx
FN:14,(anonymous_0)
FN:36,(anonymous_1)
FNF:2
FNH:2
FNDA:24,(anonymous_0)
FNDA:2,(anonymous_1)
DA:14,2
DA:21,24
DA:23,24
DA:37,2
LF:4
LH:4
BRDA:27,0,0,1
BRDA:27,0,1,23
BRDA:40,1,0,1
BRDA:40,1,1,23
BRF:4
BRH:4
end_of_record
TN:
SF:src\components\common\Sidebar.jsx
FN:9,(anonymous_0)
FN:14,(anonymous_1)
FN:64,(anonymous_2)
FN:70,(anonymous_3)
FN:94,(anonymous_4)
FN:104,(anonymous_5)
FNF:6
FNH:6
FNDA:6,(anonymous_0)
FNDA:12,(anonymous_1)
FNDA:48,(anonymous_2)
FNDA:1,(anonymous_3)
FNDA:43,(anonymous_4)
FNDA:1,(anonymous_5)
DA:9,1
DA:10,6
DA:11,6
DA:13,6
DA:14,12
DA:18,6
DA:20,6
DA:63,6
DA:65,48
DA:69,6
DA:71,1
DA:76,6
DA:96,43
DA:101,43
DA:105,1
LF:15
LH:15
BRDA:18,0,0,6
BRDA:18,0,1,0
BRDA:96,1,0,43
BRDA:96,1,1,38
BRDA:112,2,0,5
BRDA:112,2,1,38
BRDA:115,3,0,5
BRDA:115,3,1,38
BRF:8
BRH:7
end_of_record
TN:
SF:src\config\rolePermissions.js
FNF:0
FNH:0
DA:1,2
LF:1
LH:1
BRF:0
BRH:0
end_of_record
TN:
SF:src\features\auth\pages\Login.jsx
FN:29,(anonymous_0)
FN:38,(anonymous_1)
FN:53,(anonymous_2)
FN:69,(anonymous_3)
FN:70,(anonymous_4)
FN:75,(anonymous_5)
FNF:6
FNH:5
FNDA:18,(anonymous_0)
FNDA:27,(anonymous_1)
FNDA:9,(anonymous_2)
FNDA:9,(anonymous_3)
FNDA:9,(anonymous_4)
FNDA:0,(anonymous_5)
DA:29,1
DA:30,18
DA:31,18
DA:38,27
DA:44,18
DA:53,18
DA:54,9
DA:55,9
DA:56,9
DA:58,9
DA:59,0
DA:60,0
DA:61,0
DA:63,0
DA:64,0
DA:69,18
DA:70,9
DA:71,9
DA:75,18
DA:76,0
DA:79,18
LF:21
LH:15
BRDA:58,0,0,0
BRDA:58,0,1,9
BRDA:58,1,0,9
BRDA:58,1,1,0
BRDA:59,2,0,0
BRDA:59,2,1,0
BRDA:107,3,0,18
BRDA:107,3,1,2
BRDA:175,4,0,2
BRDA:175,4,1,16
BRF:10
BRH:6
end_of_record
TN:
SF:src\features\auth\redux\authSlice.js
FN:19,(anonymous_0)
FN:30,(anonymous_1)
FN:41,(anonymous_2)
FN:56,(anonymous_3)
FN:67,(anonymous_4)
FN:71,(anonymous_5)
FN:76,(anonymous_6)
FN:79,(anonymous_7)
FN:84,(anonymous_8)
FN:102,(anonymous_9)
FN:107,(anonymous_10)
FN:113,(anonymous_11)
FN:118,(anonymous_12)
FN:123,(anonymous_13)
FN:129,(anonymous_14)
FN:134,(anonymous_15)
FNF:16
FNH:13
FNDA:0,(anonymous_0)
FNDA:0,(anonymous_1)
FNDA:0,(anonymous_2)
FNDA:1,(anonymous_3)
FNDA:1,(anonymous_4)
FNDA:1,(anonymous_5)
FNDA:1,(anonymous_6)
FNDA:1,(anonymous_7)
FNDA:1,(anonymous_8)
FNDA:1,(anonymous_9)
FNDA:1,(anonymous_10)
FNDA:1,(anonymous_11)
FNDA:1,(anonymous_12)
FNDA:1,(anonymous_13)
FNDA:1,(anonymous_14)
FNDA:1,(anonymous_15)
DA:5,2
DA:6,2
DA:8,2
DA:17,2
DA:20,0
DA:21,0
DA:23,0
DA:28,2
DA:31,0
DA:32,0
DA:34,0
DA:39,2
DA:42,0
DA:43,0
DA:45,0
DA:50,2
DA:57,1
DA:58,1
DA:59,1
DA:60,1
DA:61,1
DA:63,1
DA:64,1
DA:68,1
DA:72,1
DA:77,1
DA:80,1
DA:81,1
DA:85,1
DA:87,1
DA:88,1
DA:89,1
DA:91,1
DA:96,1
DA:103,1
DA:104,1
DA:108,1
DA:109,1
DA:110,1
DA:114,1
DA:115,1
DA:119,1
DA:120,1
DA:124,1
DA:125,1
DA:126,1
DA:130,1
DA:131,1
DA:135,1
DA:136,1
DA:145,2
LF:51
LH:42
BRDA:9,0,0,2
BRDA:9,0,1,2
BRDA:10,1,0,2
BRDA:10,1,1,2
BRF:4
BRH:4
end_of_record
TN:
SF:src\features\auth\services\authService.js
FN:3,(anonymous_0)
FN:4,(anonymous_1)
FN:9,(anonymous_2)
FN:13,(anonymous_3)
FN:39,(anonymous_4)
FN:43,(anonymous_5)
FN:58,(anonymous_6)
FN:67,(anonymous_7)
FNF:8
FNH:8
FNDA:6,(anonymous_0)
FNDA:6,(anonymous_1)
FNDA:2,(anonymous_2)
FNDA:6,(anonymous_3)
FNDA:2,(anonymous_4)
FNDA:6,(anonymous_5)
FNDA:1,(anonymous_6)
FNDA:1,(anonymous_7)
DA:3,3
DA:4,6
DA:5,6
DA:8,3
DA:10,2
DA:12,2
DA:14,6
DA:20,2
DA:21,1
DA:26,1
DA:40,2
DA:42,2
DA:44,6
DA:48,2
DA:49,1
DA:52,1
DA:59,1
DA:61,1
DA:68,1
DA:70,1
LF:20
LH:20
BRDA:14,0,0,6
BRDA:14,0,1,1
BRDA:14,0,2,1
BRDA:20,1,0,1
BRDA:20,1,1,1
BRDA:48,2,0,1
BRDA:48,2,1,1
BRF:7
BRH:7
end_of_record
TN:
SF:src\features\auth\validation\loginSchema.js
FNF:0
FNH:0
DA:3,1
LF:1
LH:1
BRF:0
BRH:0
end_of_record
TN:
SF:src\features\dashboard\components\KPICard.jsx
FN:10,(anonymous_0)
FNF:1
FNH:1
FNDA:1,(anonymous_0)
DA:10,1
DA:16,1
LF:2
LH:2
BRF:0
BRH:0
end_of_record
TN:
SF:src\routes\ProtectedRoute.jsx
FN:4,(anonymous_0)
FN:5,(anonymous_1)
FNF:2
FNH:2
FNDA:3,(anonymous_0)
FNDA:6,(anonymous_1)
DA:4,1
DA:5,6
DA:7,3
DA:9,3
DA:10,1
DA:13,2
LF:6
LH:6
BRDA:9,0,0,1
BRDA:9,0,1,2
BRDA:9,1,0,3
BRDA:9,1,1,2
BRF:4
BRH:4
end_of_record
TN:
SF:src\routes\PublicRoute.jsx
FN:4,(anonymous_0)
FN:6,(anonymous_1)
FNF:2
FNH:2
FNDA:2,(anonymous_0)
FNDA:4,(anonymous_1)
DA:4,1
DA:5,2
DA:6,4
DA:9,2
DA:10,1
DA:13,1
DA:15,0
DA:18,1
LF:8
LH:7
BRDA:9,0,0,1
BRDA:9,0,1,1
BRDA:13,1,0,0
BRDA:13,1,1,1
BRF:4
BRH:3
end_of_record
TN:
SF:src\routes\RoleBasedRoute.jsx
FN:18,(anonymous_0)
FN:22,(anonymous_1)
FN:34,(anonymous_2)
FNF:3
FNH:3
FNDA:6,(anonymous_0)
FNDA:12,(anonymous_1)
FNDA:25,(anonymous_2)
DA:6,1
DA:18,1
DA:19,6
DA:21,6
DA:22,12
DA:25,6
DA:26,1
DA:30,5
DA:32,5
DA:35,25
DA:38,5
DA:40,4
DA:42,4
DA:47,1
DA:56,4
LF:15
LH:15
BRDA:25,0,0,1
BRDA:25,0,1,5
BRDA:30,1,0,5
BRDA:30,1,1,0
BRDA:38,2,0,4
BRDA:38,2,1,1
BRDA:42,3,0,1
BRDA:42,3,1,3
BRF:8
BRH:7
end_of_record
